File not found: /app/code-server/lib/vscode/out/vsda_bg.wasm
File not found: /app/code-server/lib/vscode/out/vsda.js
File not found: /app/code-server/lib/vscode/out/vsda_bg.wasm
File not found: /app/code-server/lib/vscode/out/vsda.js
a socket was left hanging
a socket was left hanging
a socket was left hanging
File not found: /app/code-server/lib/vscode/out/vsda_bg.wasm
File not found: /app/code-server/lib/vscode/out/vsda.js
[21:51:30] [172.19.0.1][8d946526][ManagementConnection] Unknown reconnection token (never seen).
[21:51:30] [172.19.0.1][87e3ebdf][ExtensionHostConnection] Unknown reconnection token (never seen).
a socket was left hanging
a socket was left hanging
[22:31:22] [172.19.0.1][6635472a][ManagementConnection] Unknown reconnection token (never seen).
File not found: /app/code-server/lib/vscode/out/vsda_bg.wasm
File not found: /app/code-server/lib/vscode/out/vsda.js
a socket was left hanging
a socket was left hanging
[22:32:45] [172.20.0.1][a0ea68a3][ManagementConnection] Unknown reconnection token (never seen).
File not found: /app/code-server/lib/vscode/out/vsda_bg.wasm
File not found: /app/code-server/lib/vscode/out/vsda.js
File not found: /app/code-server/lib/vscode/out/vsda_bg.wasm
File not found: /app/code-server/lib/vscode/out/vsda.js
[22:33:41] RequestStore#acceptReply was called without receiving a matching request 13
[22:33:41] RequestStore#acceptReply was called without receiving a matching request 14
[22:33:41] RequestStore#acceptReply was called without receiving a matching request 15
[22:33:41] RequestStore#acceptReply was called without receiving a matching request 16
[22:33:41] RequestStore#acceptReply was called without receiving a matching request 17
[22:33:41] RequestStore#acceptReply was called without receiving a matching request 18
[22:33:41] RequestStore#acceptReply was called without receiving a matching request 19
[22:33:41] RequestStore#acceptReply was called without receiving a matching request 20
[22:33:41] RequestStore#acceptReply was called without receiving a matching request 21
[22:33:41] RequestStore#acceptReply was called without receiving a matching request 22
[22:33:41] RequestStore#acceptReply was called without receiving a matching request 23
[22:33:41] RequestStore#acceptReply was called without receiving a matching request 24
File not found: /app/code-server/lib/vscode/out/vsda_bg.wasm
File not found: /app/code-server/lib/vscode/out/vsda.js
File not found: /app/code-server/lib/vscode/out/vsda_bg.wasm
File not found: /app/code-server/lib/vscode/out/vsda.js
a socket was left hanging
File not found: /app/code-server/lib/vscode/out/vsda_bg.wasm
File not found: /app/code-server/lib/vscode/out/vsda.js
